<?xml version="1.0" encoding="UTF-8"?>
<!-- Generated by org.testng.reporters.JUnitXMLReporter -->
<testsuite ignored="0" hostname="DESKTOP-HOT6S4K" failures="3" tests="7" name="BankingApp test" time="126.507" errors="0" timestamp="2020-11-04T13:41:15 EST">
  <testcase classname="com.iNetBanking.testCases.TC_loginTest_001" name="loginTest" time="16.134"/>
  <testcase classname="com.iNetBanking.testCases.TC_loginDDT_002" name="LoginDDT" time="16.778"/>
  <testcase classname="com.iNetBanking.testCases.TC_loginDDT_002" name="LoginDDT" time="5.073">
    <failure type="java.lang.AssertionError" message="expected [true] but found [false]">
      <![CDATA[java.lang.AssertionError: expected [true] but found [false]
at com.iNetBanking.testCases.TC_loginDDT_002.LoginDDT(TC_loginDDT_002.java:27)
at java.base/java.util.ArrayList.forEach(ArrayList.java:1540)
... Removed 31 stack frames]]>
    </failure>
  </testcase> <!-- LoginDDT -->
  <testcase classname="com.iNetBanking.testCases.TC_loginDDT_002" name="LoginDDT" time="4.638">
    <failure type="java.lang.AssertionError" message="expected [true] but found [false]">
      <![CDATA[java.lang.AssertionError: expected [true] but found [false]
at com.iNetBanking.testCases.TC_loginDDT_002.LoginDDT(TC_loginDDT_002.java:27)
at java.base/java.util.ArrayList.forEach(ArrayList.java:1540)
... Removed 31 stack frames]]>
    </failure>
  </testcase> <!-- LoginDDT -->
  <testcase classname="com.iNetBanking.testCases.TC_loginDDT_002" name="LoginDDT" time="11.065"/>
  <testcase classname="com.iNetBanking.testCases.TC_loginDDT_002" name="LoginDDT" time="5.047">
    <failure type="java.lang.AssertionError" message="expected [true] but found [false]">
      <![CDATA[java.lang.AssertionError: expected [true] but found [false]
at com.iNetBanking.testCases.TC_loginDDT_002.LoginDDT(TC_loginDDT_002.java:27)
at java.base/java.util.ArrayList.forEach(ArrayList.java:1540)
... Removed 31 stack frames]]>
    </failure>
  </testcase> <!-- LoginDDT -->
  <testcase classname="com.iNetBanking.testCases.TC_AddCustomerTest_003" name="addNewCustomer" time="31.099"/>
</testsuite> <!-- BankingApp test -->
